<?xml version="1.0" encoding="UTF-8"?>
<!-- Generated by org.testng.reporters.JUnitReportReporter -->
<testsuite hostname="debian" failures="0" tests="7" name="tests.PracticePageTest" time="16.380" errors="0" timestamp="2021-02-02T18:08:50 CET" skipped="0">
  <testcase classname="tests.PracticePageTest" name="switchWindow" time="13.155"/>
  <system-out/>
  <testcase classname="tests.PracticePageTest" name="clickOnRadionBtn" time="0.118"/>
  <system-out/>
  <testcase classname="tests.PracticePageTest" name="switchTab" time="2.285"/>
  <system-out/>
  <testcase classname="tests.PracticePageTest" name="selectOptionFromStaticDropdownMenu" time="0.207"/>
  <system-out/>
  <testcase classname="tests.PracticePageTest" name="click_OK_onAlert" time="0.292"/>
  <system-out/>
  <testcase classname="tests.PracticePageTest" name="click_on_checkBox" time="0.101"/>
  <system-out/>
  <testcase classname="tests.PracticePageTest" name="enterTextInTextBox" time="0.222"/>
  <system-out/>
</testsuite> <!-- tests.PracticePageTest -->
