<?xml version="1.0" encoding="UTF-8"?>
<!-- Generated by org.testng.reporters.JUnitReportReporter -->
<testsuite hostname="debian" failures="0" tests="6" name="tests.PracticePageTest" time="23.690" errors="0" timestamp="2021-02-02T17:37:21 CET" skipped="0">
  <testcase classname="tests.PracticePageTest" name="switchTab" time="2.524"/>
  <system-out/>
  <testcase classname="tests.PracticePageTest" name="clickOnRadionBtn" time="0.136"/>
  <system-out/>
  <testcase classname="tests.PracticePageTest" name="click_on_checkBox" time="0.149"/>
  <system-out/>
  <testcase classname="tests.PracticePageTest" name="enterTextInTextBox" time="0.343"/>
  <system-out/>
  <testcase classname="tests.PracticePageTest" name="switchWindow" time="20.333"/>
  <system-out/>
  <testcase classname="tests.PracticePageTest" name="selectOptionFromStaticDropdownMenu" time="0.205"/>
  <system-out/>
</testsuite> <!-- tests.PracticePageTest -->
