<?xml version="1.0" encoding="UTF-8"?>
<!-- Generated by org.testng.reporters.JUnitReportReporter -->
<testsuite hostname="debian" failures="0" tests="8" name="tests.PracticePageTest" time="8.082" errors="0" timestamp="2021-02-03T01:37:55 CET" skipped="0">
  <testcase classname="tests.PracticePageTest" name="clickOnRadionBtn" time="0.142"/>
  <system-out/>
  <testcase classname="tests.PracticePageTest" name="click_on_checkBox" time="0.092"/>
  <system-out/>
  <testcase classname="tests.PracticePageTest" name="switchTab" time="1.700"/>
  <system-out/>
  <testcase classname="tests.PracticePageTest" name="switchWindow" time="5.097"/>
  <system-out/>
  <testcase classname="tests.PracticePageTest" name="selectOptionFromStaticDropdownMenu" time="0.223"/>
  <system-out/>
  <testcase classname="tests.PracticePageTest" name="click_OK_onAlert" time="0.245"/>
  <system-out/>
  <testcase classname="tests.PracticePageTest" name="enterTextInTextBox" time="0.248"/>
  <system-out/>
  <testcase classname="tests.PracticePageTest" name="click_Cancel_onAlert" time="0.335"/>
  <system-out/>
</testsuite> <!-- tests.PracticePageTest -->
