<?xml version="1.0" encoding="UTF-8"?>
<!-- Generated by org.testng.reporters.JUnitReportReporter -->
<testsuite hostname="debian" failures="0" tests="19" name="tests.PracticePageTest" time="52.439" errors="0" timestamp="2021-02-11T15:48:14 CET" skipped="0">
  <testcase classname="tests.PracticePageTest" name="clickOnRadionBtn" time="0.154"/>
  <system-out/>
  <testcase classname="tests.PracticePageTest" name="enterTextInTextBox" time="0.333"/>
  <system-out/>
  <testcase classname="tests.PracticePageTest" name="selectOptionFromStaticDropdownMenu" time="0.270"/>
  <system-out/>
  <testcase classname="tests.PracticePageTest" name="click_on_checkBox" time="0.155"/>
  <system-out/>
  <testcase classname="tests.PracticePageTest" name="switchWindow" time="24.266"/>
  <system-out/>
  <testcase classname="tests.PracticePageTest" name="switchTab" time="0.248"/>
  <system-out/>
  <testcase classname="tests.PracticePageTest" name="click_OK_onAlert" time="0.269"/>
  <system-out/>
  <testcase classname="tests.PracticePageTest" name="click_Cancel_onAlert" time="0.241"/>
  <system-out/>
  <testcase classname="tests.PracticePageTest" name="printCoursesNameFromTable" time="0.240"/>
  <system-out/>
  <testcase classname="tests.PracticePageTest" name="printCourseNameForPyhton" time="0.169"/>
  <system-out/>
  <testcase classname="tests.PracticePageTest" name="verifyPythonPrice" time="0.173"/>
  <system-out/>
  <testcase classname="tests.PracticePageTest" name="VerifyIfInputTextFieldIsVisibleOrNot" time="0.358"/>
  <system-out/>
  <testcase classname="tests.PracticePageTest" name="printTotalNumberOfLinks" time="0.022"/>
  <system-out/>
  <testcase classname="tests.PracticePageTest" name="scrollingDown_OnTable" time="5.020"/>
  <system-out/>
  <testcase classname="tests.PracticePageTest" name="clickOnMouseHover" time="8.202"/>
  <system-out/>
  <testcase classname="tests.PracticePageTest" name="switchToFrame" time="6.053"/>
  <system-out/>
  <testcase classname="tests.PracticePageTest" name="printNamesOfLinksFromColumnLatestNews" time="3.042"/>
  <system-out/>
  <testcase classname="tests.PracticePageTest" name="printNamesOfLinksFromColumnSocialMedia" time="3.044"/>
  <system-out/>
  <testcase classname="tests.PracticePageTest" name="sumPricesForAllCourses" time="0.180"/>
  <system-out/>
</testsuite> <!-- tests.PracticePageTest -->
