<?xml version="1.0" encoding="UTF-8"?>
<!-- Generated by org.testng.reporters.JUnitReportReporter -->
<testsuite hostname="debian" failures="0" tests="5" name="tests.PracticePageTest" time="9.819" errors="0" timestamp="2021-01-26T18:52:22 CET" skipped="0">
  <testcase classname="tests.PracticePageTest" name="clickOnRadionBtn" time="0.111"/>
  <system-out/>
  <testcase classname="tests.PracticePageTest" name="selectOptionFromStaticDropdownMenu" time="0.242"/>
  <system-out/>
  <testcase classname="tests.PracticePageTest" name="enterTextInTextBox" time="0.316"/>
  <system-out/>
  <testcase classname="tests.PracticePageTest" name="click_on_checkBox" time="0.071"/>
  <system-out/>
  <testcase classname="tests.PracticePageTest" name="switchWindow" time="9.079"/>
  <system-out/>
</testsuite> <!-- tests.PracticePageTest -->
