<?xml version="1.0" encoding="UTF-8"?>
<!-- Generated by org.testng.reporters.JUnitReportReporter -->
<testsuite hostname="debian" failures="0" tests="12" name="tests.PracticePageTest" time="8.295" errors="0" timestamp="2021-02-04T21:07:01 CET" skipped="0">
  <testcase classname="tests.PracticePageTest" name="clickOnRadionBtn" time="0.072"/>
  <system-out/>
  <testcase classname="tests.PracticePageTest" name="VerifyIfInputTextFieldIsVisibleOrNot" time="0.526"/>
  <system-out/>
  <testcase classname="tests.PracticePageTest" name="click_Cancel_onAlert" time="0.208"/>
  <system-out/>
  <testcase classname="tests.PracticePageTest" name="printCourseNameForPyhton" time="0.211"/>
  <system-out/>
  <testcase classname="tests.PracticePageTest" name="printCoursesNameFromTable" time="0.106"/>
  <system-out/>
  <testcase classname="tests.PracticePageTest" name="switchTab" time="2.642"/>
  <system-out/>
  <testcase classname="tests.PracticePageTest" name="selectOptionFromStaticDropdownMenu" time="0.166"/>
  <system-out/>
  <testcase classname="tests.PracticePageTest" name="click_OK_onAlert" time="0.168"/>
  <system-out/>
  <testcase classname="tests.PracticePageTest" name="verifyPythonPrice" time="0.181"/>
  <system-out/>
  <testcase classname="tests.PracticePageTest" name="switchWindow" time="3.678"/>
  <system-out/>
  <testcase classname="tests.PracticePageTest" name="enterTextInTextBox" time="0.264"/>
  <system-out/>
  <testcase classname="tests.PracticePageTest" name="click_on_checkBox" time="0.073"/>
  <system-out/>
</testsuite> <!-- tests.PracticePageTest -->
