<?xml version="1.0" encoding="UTF-8"?>
<!-- Generated by org.testng.reporters.JUnitReportReporter -->
<testsuite hostname="debian" failures="0" tests="16" name="tests.PracticePageTest" time="34.836" errors="0" timestamp="2021-02-09T19:14:27 CET" skipped="0">
  <testcase classname="tests.PracticePageTest" name="clickOnRadionBtn" time="0.100"/>
  <system-out/>
  <testcase classname="tests.PracticePageTest" name="enterTextInTextBox" time="0.372"/>
  <system-out/>
  <testcase classname="tests.PracticePageTest" name="selectOptionFromStaticDropdownMenu" time="0.211"/>
  <system-out/>
  <testcase classname="tests.PracticePageTest" name="click_on_checkBox" time="0.104"/>
  <system-out/>
  <testcase classname="tests.PracticePageTest" name="switchWindow" time="10.387"/>
  <system-out/>
  <testcase classname="tests.PracticePageTest" name="switchTab" time="3.022"/>
  <system-out/>
  <testcase classname="tests.PracticePageTest" name="click_OK_onAlert" time="0.206"/>
  <system-out/>
  <testcase classname="tests.PracticePageTest" name="click_Cancel_onAlert" time="0.199"/>
  <system-out/>
  <testcase classname="tests.PracticePageTest" name="printCoursesNameFromTable" time="0.188"/>
  <system-out/>
  <testcase classname="tests.PracticePageTest" name="printCourseNameForPyhton" time="0.146"/>
  <system-out/>
  <testcase classname="tests.PracticePageTest" name="verifyPythonPrice" time="0.148"/>
  <system-out/>
  <testcase classname="tests.PracticePageTest" name="VerifyIfInputTextFieldIsVisibleOrNot" time="0.274"/>
  <system-out/>
  <testcase classname="tests.PracticePageTest" name="printTotalNumberOfLinks" time="0.018"/>
  <system-out/>
  <testcase classname="tests.PracticePageTest" name="scrollingDown_OnTable" time="5.039"/>
  <system-out/>
  <testcase classname="tests.PracticePageTest" name="clickOnMouseHover" time="8.307"/>
  <system-out/>
  <testcase classname="tests.PracticePageTest" name="switchToFrame" time="6.115"/>
  <system-out/>
</testsuite> <!-- tests.PracticePageTest -->
