<?xml version="1.0" encoding="UTF-8"?>
<!-- Generated by org.testng.reporters.JUnitReportReporter -->
<testsuite hostname="debian" failures="0" tests="4" name="tests.PracticePageTest" time="0.597" errors="0" timestamp="2021-01-26T18:19:10 CET" skipped="0">
  <testcase classname="tests.PracticePageTest" name="clickOnRadionBtn" time="0.080"/>
  <system-out/>
  <testcase classname="tests.PracticePageTest" name="enterTextInTextBox" time="0.262"/>
  <system-out/>
  <testcase classname="tests.PracticePageTest" name="click_on_checkBox" time="0.063"/>
  <system-out/>
  <testcase classname="tests.PracticePageTest" name="selectOptionFromStaticDropdownMenu" time="0.192"/>
  <system-out/>
</testsuite> <!-- tests.PracticePageTest -->
