<?xml version="1.0" encoding="UTF-8"?>
<!-- Generated by org.testng.reporters.JUnitReportReporter -->
<testsuite hostname="debian" failures="0" tests="18" name="tests.PracticePageTest" time="49.577" errors="0" timestamp="2021-02-09T20:11:39 CET" skipped="0">
  <testcase classname="tests.PracticePageTest" name="clickOnRadionBtn" time="0.138"/>
  <system-out/>
  <testcase classname="tests.PracticePageTest" name="enterTextInTextBox" time="0.366"/>
  <system-out/>
  <testcase classname="tests.PracticePageTest" name="selectOptionFromStaticDropdownMenu" time="0.174"/>
  <system-out/>
  <testcase classname="tests.PracticePageTest" name="click_on_checkBox" time="0.083"/>
  <system-out/>
  <testcase classname="tests.PracticePageTest" name="switchWindow" time="18.881"/>
  <system-out/>
  <testcase classname="tests.PracticePageTest" name="switchTab" time="2.923"/>
  <system-out/>
  <testcase classname="tests.PracticePageTest" name="click_OK_onAlert" time="0.245"/>
  <system-out/>
  <testcase classname="tests.PracticePageTest" name="click_Cancel_onAlert" time="0.216"/>
  <system-out/>
  <testcase classname="tests.PracticePageTest" name="printCoursesNameFromTable" time="0.277"/>
  <system-out/>
  <testcase classname="tests.PracticePageTest" name="printCourseNameForPyhton" time="0.153"/>
  <system-out/>
  <testcase classname="tests.PracticePageTest" name="verifyPythonPrice" time="0.156"/>
  <system-out/>
  <testcase classname="tests.PracticePageTest" name="VerifyIfInputTextFieldIsVisibleOrNot" time="0.381"/>
  <system-out/>
  <testcase classname="tests.PracticePageTest" name="printTotalNumberOfLinks" time="0.026"/>
  <system-out/>
  <testcase classname="tests.PracticePageTest" name="scrollingDown_OnTable" time="5.036"/>
  <system-out/>
  <testcase classname="tests.PracticePageTest" name="clickOnMouseHover" time="8.297"/>
  <system-out/>
  <testcase classname="tests.PracticePageTest" name="switchToFrame" time="6.102"/>
  <system-out/>
  <testcase classname="tests.PracticePageTest" name="printNamesOfLinksFromColumnLatestNews" time="3.072"/>
  <system-out/>
  <testcase classname="tests.PracticePageTest" name="printNamesOfLinksFromColumnSocialMedia" time="3.051"/>
  <system-out/>
</testsuite> <!-- tests.PracticePageTest -->
