<?xml version="1.0" encoding="UTF-8"?>
<!-- Generated by org.testng.reporters.JUnitReportReporter -->
<testsuite hostname="debian" failures="0" tests="1" name="tests.PracticePageTest" time="10.292" errors="0" timestamp="2021-01-25T16:59:30 CET" skipped="0">
  <testcase classname="tests.PracticePageTest" name="clickOnRadionBtn" time="10.292"/>
  <system-out/>
</testsuite> <!-- tests.PracticePageTest -->
