<?xml version="1.0" encoding="UTF-8"?>
<!-- Generated by org.testng.reporters.JUnitReportReporter -->
<testsuite hostname="debian" failures="0" tests="19" name="tests.PracticePageTest" time="29.627" errors="0" timestamp="2021-02-10T13:24:49 CET" skipped="0">
  <testcase classname="tests.PracticePageTest" name="clickOnRadionBtn" time="0.388"/>
  <system-out/>
  <testcase classname="tests.PracticePageTest" name="enterTextInTextBox" time="0.298"/>
  <system-out/>
  <testcase classname="tests.PracticePageTest" name="selectOptionFromStaticDropdownMenu" time="0.581"/>
  <system-out/>
  <testcase classname="tests.PracticePageTest" name="click_on_checkBox" time="0.303"/>
  <system-out/>
  <testcase classname="tests.PracticePageTest" name="switchWindow" time="0.905"/>
  <system-out/>
  <testcase classname="tests.PracticePageTest" name="switchTab" time="0.243"/>
  <system-out/>
  <testcase classname="tests.PracticePageTest" name="click_OK_onAlert" time="0.166"/>
  <system-out/>
  <testcase classname="tests.PracticePageTest" name="click_Cancel_onAlert" time="0.165"/>
  <system-out/>
  <testcase classname="tests.PracticePageTest" name="printCoursesNameFromTable" time="0.115"/>
  <system-out/>
  <testcase classname="tests.PracticePageTest" name="printCourseNameForPyhton" time="0.123"/>
  <system-out/>
  <testcase classname="tests.PracticePageTest" name="verifyPythonPrice" time="0.124"/>
  <system-out/>
  <testcase classname="tests.PracticePageTest" name="VerifyIfInputTextFieldIsVisibleOrNot" time="0.476"/>
  <system-out/>
  <testcase classname="tests.PracticePageTest" name="printTotalNumberOfLinks" time="0.020"/>
  <system-out/>
  <testcase classname="tests.PracticePageTest" name="scrollingDown_OnTable" time="5.032"/>
  <system-out/>
  <testcase classname="tests.PracticePageTest" name="clickOnMouseHover" time="8.311"/>
  <system-out/>
  <testcase classname="tests.PracticePageTest" name="switchToFrame" time="6.087"/>
  <system-out/>
  <testcase classname="tests.PracticePageTest" name="printNamesOfLinksFromColumnLatestNews" time="3.118"/>
  <system-out/>
  <testcase classname="tests.PracticePageTest" name="printNamesOfLinksFromColumnSocialMedia" time="3.072"/>
  <system-out/>
  <testcase classname="tests.PracticePageTest" name="sumPricesForAllCourses" time="0.100"/>
  <system-out/>
</testsuite> <!-- tests.PracticePageTest -->
