<?xml version="1.0" encoding="UTF-8"?>
<!-- Generated by org.testng.reporters.JUnitReportReporter -->
<testsuite hostname="debian" failures="0" tests="11" name="tests.PracticePageTest" time="8.749" errors="0" timestamp="2021-02-04T20:35:38 CET" skipped="0">
  <testcase classname="tests.PracticePageTest" name="printCoursesNameFromTable" time="0.121"/>
  <system-out/>
  <testcase classname="tests.PracticePageTest" name="switchWindow" time="4.415"/>
  <system-out/>
  <testcase classname="tests.PracticePageTest" name="click_Cancel_onAlert" time="0.333"/>
  <system-out/>
  <testcase classname="tests.PracticePageTest" name="printCourseNameForPyhton" time="0.259"/>
  <system-out/>
  <testcase classname="tests.PracticePageTest" name="clickOnRadionBtn" time="0.124"/>
  <system-out/>
  <testcase classname="tests.PracticePageTest" name="enterTextInTextBox" time="0.265"/>
  <system-out/>
  <testcase classname="tests.PracticePageTest" name="selectOptionFromStaticDropdownMenu" time="0.201"/>
  <system-out/>
  <testcase classname="tests.PracticePageTest" name="verifyPythonPrice" time="0.204"/>
  <system-out/>
  <testcase classname="tests.PracticePageTest" name="click_OK_onAlert" time="0.260"/>
  <system-out/>
  <testcase classname="tests.PracticePageTest" name="click_on_checkBox" time="0.096"/>
  <system-out/>
  <testcase classname="tests.PracticePageTest" name="switchTab" time="2.471"/>
  <system-out/>
</testsuite> <!-- tests.PracticePageTest -->
