<?xml version="1.0" encoding="UTF-8"?>
<!-- Generated by org.testng.reporters.JUnitReportReporter -->
<testsuite hostname="debian" failures="0" tests="3" name="tests.PracticePageTest" time="0.542" errors="0" timestamp="2021-01-26T16:41:27 CET" skipped="0">
  <testcase classname="tests.PracticePageTest" name="enterTextInTextBox" time="0.283"/>
  <system-out/>
  <testcase classname="tests.PracticePageTest" name="selectOptionFromStaticDropdownMenu" time="0.183"/>
  <system-out/>
  <testcase classname="tests.PracticePageTest" name="clickOnRadionBtn" time="0.076"/>
  <system-out/>
</testsuite> <!-- tests.PracticePageTest -->
