<?xml version="1.0" encoding="UTF-8"?>
<!-- Generated by org.testng.reporters.JUnitReportReporter -->
<testsuite hostname="debian" failures="0" tests="15" name="tests.PracticePageTest" time="31.059" errors="0" timestamp="2021-02-05T15:35:43 CET" skipped="0">
  <testcase classname="tests.PracticePageTest" name="switchWindow" time="13.284"/>
  <system-out/>
  <testcase classname="tests.PracticePageTest" name="verifyPythonPrice" time="0.227"/>
  <system-out/>
  <testcase classname="tests.PracticePageTest" name="enterTextInTextBox" time="0.201"/>
  <system-out/>
  <testcase classname="tests.PracticePageTest" name="click_Cancel_onAlert" time="0.171"/>
  <system-out/>
  <testcase classname="tests.PracticePageTest" name="printTotalNumberOfLinks" time="0.020"/>
  <system-out/>
  <testcase classname="tests.PracticePageTest" name="click_on_checkBox" time="0.061"/>
  <system-out/>
  <testcase classname="tests.PracticePageTest" name="printCoursesNameFromTable" time="0.129"/>
  <system-out/>
  <testcase classname="tests.PracticePageTest" name="selectOptionFromStaticDropdownMenu" time="0.169"/>
  <system-out/>
  <testcase classname="tests.PracticePageTest" name="printCourseNameForPyhton" time="0.191"/>
  <system-out/>
  <testcase classname="tests.PracticePageTest" name="click_OK_onAlert" time="0.167"/>
  <system-out/>
  <testcase classname="tests.PracticePageTest" name="VerifyIfInputTextFieldIsVisibleOrNot" time="0.423"/>
  <system-out/>
  <testcase classname="tests.PracticePageTest" name="clickOnMouseHover" time="8.300"/>
  <system-out/>
  <testcase classname="tests.PracticePageTest" name="switchTab" time="2.516"/>
  <system-out/>
  <testcase classname="tests.PracticePageTest" name="clickOnRadionBtn" time="0.164"/>
  <system-out/>
  <testcase classname="tests.PracticePageTest" name="scrollingDown_OnTable" time="5.036"/>
  <system-out/>
</testsuite> <!-- tests.PracticePageTest -->
