<?xml version="1.0" encoding="UTF-8"?>
<!-- Generated by org.testng.reporters.JUnitReportReporter -->
<testsuite hostname="debian" failures="0" tests="11" name="tests.PracticePageTest" time="13.256" errors="0" timestamp="2021-02-04T18:20:11 CET" skipped="0">
  <testcase classname="tests.PracticePageTest" name="printCoursesNameFromTable" time="0.123"/>
  <system-out/>
  <testcase classname="tests.PracticePageTest" name="switchWindow" time="9.309"/>
  <system-out/>
  <testcase classname="tests.PracticePageTest" name="click_Cancel_onAlert" time="0.266"/>
  <system-out/>
  <testcase classname="tests.PracticePageTest" name="printCourseNameForPyhton" time="0.229"/>
  <system-out/>
  <testcase classname="tests.PracticePageTest" name="clickOnRadionBtn" time="0.093"/>
  <system-out/>
  <testcase classname="tests.PracticePageTest" name="enterTextInTextBox" time="0.241"/>
  <system-out/>
  <testcase classname="tests.PracticePageTest" name="verifyPythonPrice" time="0.154"/>
  <system-out/>
  <testcase classname="tests.PracticePageTest" name="selectOptionFromStaticDropdownMenu" time="0.177"/>
  <system-out/>
  <testcase classname="tests.PracticePageTest" name="click_OK_onAlert" time="0.294"/>
  <system-out/>
  <testcase classname="tests.PracticePageTest" name="click_on_checkBox" time="0.081"/>
  <system-out/>
  <testcase classname="tests.PracticePageTest" name="switchTab" time="2.289"/>
  <system-out/>
</testsuite> <!-- tests.PracticePageTest -->
